<?xml version="1.0" encoding="UTF-8"?>
<!-- Generated by org.testng.reporters.JUnitReportReporter -->
<testsuite hostname="DESKTOP-DGUA4DA" failures="0" tests="3" name="tests.LoginPageTest" time="20.036" errors="0" timestamp="2024-09-10T10:13:00 CDT" skipped="0">
  <testcase classname="tests.LoginPageTest" name="loginToHomepage" time="5.237"/>
  <system-out/>
  <testcase classname="tests.LoginPageTest" name="verifyProductCount" time="6.170"/>
  <system-out/>
  <testcase classname="tests.LoginPageTest" name="isLoginPageDisplayed" time="8.629"/>
  <system-out/>
</testsuite> <!-- tests.LoginPageTest -->
