<?xml version="1.0" encoding="UTF-8"?>
<!-- Generated by org.testng.reporters.JUnitReportReporter -->
<testsuite hostname="DESKTOP-DGUA4DA" failures="0" tests="3" name="tests.LoginPageTest" time="19.218" errors="0" timestamp="2024-09-09T16:18:13 CDT" skipped="0">
  <testcase classname="tests.LoginPageTest" name="loginToHomepage" time="4.900"/>
  <system-out/>
  <testcase classname="tests.LoginPageTest" name="verifyProductCount" time="5.339"/>
  <system-out/>
  <testcase classname="tests.LoginPageTest" name="isLoginPageDisplayed" time="8.979"/>
  <system-out/>
</testsuite> <!-- tests.LoginPageTest -->
